<?xml version="1.0" encoding="UTF-8"?>
<!-- Generated by org.testng.reporters.JUnitReportReporter -->
<testsuite skipped="0" hostname="DESKTOP-0IAV9AJ" name="Posit_Automation.Take_Home.PositCloudTest" tests="1" failures="0" timestamp="20 Feb 2023 23:20:09 GMT" time="34.138" errors="0">
  <testcase name="createSpaceAndProject" time="34.138" classname="Posit_Automation.Take_Home.PositCloudTest"/>
</testsuite> <!-- Posit_Automation.Take_Home.PositCloudTest -->
