<?xml version="1.0" encoding="UTF-8"?>
<!-- Generated by org.testng.reporters.JUnitReportReporter -->
<testsuite skipped="0" hostname="DESKTOP-0IAV9AJ" name="Posit_Automation.Take_Home.PositCloudTest" tests="1" failures="0" timestamp="21 Feb 2023 21:52:05 GMT" time="33.925" errors="0">
  <testcase name="createSpaceAndProject" time="33.925" classname="Posit_Automation.Take_Home.PositCloudTest"/>
</testsuite> <!-- Posit_Automation.Take_Home.PositCloudTest -->
